<?xml version="1.0" encoding="UTF-8"?>
<testng-results ignored="0" total="2" passed="2" failed="0" skipped="0">
  <reporter-output>
  </reporter-output>
  <suite started-at="2023-08-09T16:44:42 IST" name="Suite" finished-at="2023-08-09T16:45:31 IST" duration-ms="49625">
    <groups>
    </groups>
    <test started-at="2023-08-09T16:44:42 IST" name="Test" finished-at="2023-08-09T16:45:31 IST" duration-ms="49625">
      <class name="testLayer.Ecommerce_TC_1">
        <test-method is-config="true" signature="appiumConfig()[pri:0, instance:testLayer.Ecommerce_TC_1@76b1e9b8]" started-at="2023-08-09T16:44:42 IST" name="appiumConfig" finished-at="2023-08-09T16:44:54 IST" duration-ms="12380" status="PASS">
          <reporter-output>
          </reporter-output>
        </test-method> <!-- appiumConfig -->
        <test-method signature="FillFormWithInvalidData()[pri:1, instance:testLayer.Ecommerce_TC_1@76b1e9b8]" started-at="2023-08-09T16:44:54 IST" name="FillFormWithInvalidData" finished-at="2023-08-09T16:45:23 IST" duration-ms="29262" status="PASS">
          <reporter-output>
          </reporter-output>
        </test-method> <!-- FillFormWithInvalidData -->
        <test-method signature="FillFormWithValidData()[pri:2, instance:testLayer.Ecommerce_TC_1@76b1e9b8]" started-at="2023-08-09T16:45:23 IST" name="FillFormWithValidData" finished-at="2023-08-09T16:45:29 IST" duration-ms="5575" status="PASS">
          <reporter-output>
          </reporter-output>
        </test-method> <!-- FillFormWithValidData -->
        <test-method is-config="true" signature="tearDown()[pri:0, instance:testLayer.Ecommerce_TC_1@76b1e9b8]" started-at="2023-08-09T16:45:29 IST" name="tearDown" finished-at="2023-08-09T16:45:31 IST" duration-ms="2338" status="PASS">
          <reporter-output>
          </reporter-output>
        </test-method> <!-- tearDown -->
      </class> <!-- testLayer.Ecommerce_TC_1 -->
    </test> <!-- Test -->
  </suite> <!-- Suite -->
</testng-results>
