<?xml version="1.0" encoding="UTF-8"?>
<testng-results ignored="0" total="2" passed="2" failed="0" skipped="0">
  <reporter-output>
  </reporter-output>
  <suite started-at="2023-08-09T16:01:19 IST" name="Suite" finished-at="2023-08-09T16:02:45 IST" duration-ms="85699">
    <groups>
    </groups>
    <test started-at="2023-08-09T16:01:19 IST" name="Test" finished-at="2023-08-09T16:02:45 IST" duration-ms="85699">
      <class name="testLayer.Ecommerce_TC_1">
        <test-method is-config="true" signature="appiumConfig()[pri:0, instance:testLayer.Ecommerce_TC_1@4f2b503c]" started-at="2023-08-09T16:01:19 IST" name="appiumConfig" finished-at="2023-08-09T16:02:11 IST" duration-ms="52277" status="PASS">
          <reporter-output>
          </reporter-output>
        </test-method> <!-- appiumConfig -->
        <test-method signature="FillFormWithInvalidData()[pri:1, instance:testLayer.Ecommerce_TC_1@4f2b503c]" started-at="2023-08-09T16:02:11 IST" name="FillFormWithInvalidData" finished-at="2023-08-09T16:02:38 IST" duration-ms="26113" status="PASS">
          <reporter-output>
          </reporter-output>
        </test-method> <!-- FillFormWithInvalidData -->
        <test-method signature="FillFormWithValidData()[pri:2, instance:testLayer.Ecommerce_TC_1@4f2b503c]" started-at="2023-08-09T16:02:38 IST" name="FillFormWithValidData" finished-at="2023-08-09T16:02:43 IST" duration-ms="5667" status="PASS">
          <reporter-output>
          </reporter-output>
        </test-method> <!-- FillFormWithValidData -->
        <test-method is-config="true" signature="tearDown()[pri:0, instance:testLayer.Ecommerce_TC_1@4f2b503c]" started-at="2023-08-09T16:02:43 IST" name="tearDown" finished-at="2023-08-09T16:02:45 IST" duration-ms="1532" status="PASS">
          <reporter-output>
          </reporter-output>
        </test-method> <!-- tearDown -->
      </class> <!-- testLayer.Ecommerce_TC_1 -->
    </test> <!-- Test -->
  </suite> <!-- Suite -->
</testng-results>
